<?xml version="1.0" encoding="UTF-8"?>
<testng-results skipped="0" failed="0" total="1" passed="1">
  <reporter-output>
  </reporter-output>
  <suite name="Default suite" duration-ms="13455" started-at="2020-05-31T12:29:35Z" finished-at="2020-05-31T12:29:48Z">
    <groups>
    </groups>
    <test name="Default test" duration-ms="13455" started-at="2020-05-31T12:29:35Z" finished-at="2020-05-31T12:29:48Z">
      <class name="com.automation.test.ModelHandle">
        <test-method status="PASS" signature="login()[pri:0, instance:com.automation.test.ModelHandle@1593948d]" name="login" is-config="true" duration-ms="10550" started-at="2020-05-31T17:59:35Z" finished-at="2020-05-31T17:59:45Z">
          <reporter-output>
          </reporter-output>
        </test-method> <!-- login -->
        <test-method status="PASS" signature="modelHandle()[pri:0, instance:com.automation.test.ModelHandle@1593948d]" name="modelHandle" duration-ms="2881" started-at="2020-05-31T17:59:45Z" finished-at="2020-05-31T17:59:48Z">
          <reporter-output>
          </reporter-output>
        </test-method> <!-- modelHandle -->
      </class> <!-- com.automation.test.ModelHandle -->
    </test> <!-- Default test -->
  </suite> <!-- Default suite -->
</testng-results>
